[26Dec2025 15:32:16.985] [main/INFO] [cpw.mods.modlauncher.Launcher/MODLAUNCHER]: ModLauncher running: args [--launchTarget, neoforgeclientdev, --version, 21.8.31, --assetIndex, 26, --assetsDir, C:\\Users\\adam\\.mcreator\\gradle\\caches\\neoformruntime\\assets, --fml.fmlVersion, 9.0.16, --fml.mcVersion, 1.21.8, --fml.neoForgeVersion, 21.8.31, --fml.neoFormVersion, 20250717.133445]
[26Dec2025 15:32:16.991] [main/INFO] [cpw.mods.modlauncher.Launcher/MODLAUNCHER]: JVM identified as JetBrains s.r.o. OpenJDK 64-Bit Server VM 21.0.9+1-b1163.86
[26Dec2025 15:32:16.992] [main/INFO] [cpw.mods.modlauncher.Launcher/MODLAUNCHER]: ModLauncher 9.0 starting: java version 21.0.9 by JetBrains s.r.o.; OS Windows 11 arch amd64 version 10.0
[26Dec2025 15:32:17.140] [main/INFO] [net.neoforged.fml.loading.ImmediateWindowHandler/]: Loading ImmediateWindowProvider fmlearlywindow
[26Dec2025 15:32:17.796] [main/INFO] [mixin/]: SpongePowered MIXIN Subsystem Version=0.8.7 Source=union:/C:/Users/adam/.mcreator/gradle/caches/modules-2/files-2.1/net.fabricmc/sponge-mixin/0.15.2+mixin.0.8.7/2af2f021d8e02a0220dc27a7a72b4666d66d44ca/sponge-mixin-0.15.2+mixin.0.8.7.jar%23157!/ Service=ModLauncher Env=CLIENT
[26Dec2025 15:32:18.387] [fml-loadingscreen/INFO] [net.neoforged.fml.earlydisplay.render.LoadingScreenRenderer/]: GL info: NVIDIA GeForce RTX 3070/PCIe/SSE2 GL version 3.2.0 NVIDIA 560.94, NVIDIA Corporation
[26Dec2025 15:32:18.394] [main/INFO] [net.neoforged.fml.loading.moddiscovery.locators.JarInJarDependencyLocator/]: Found 2 dependencies adding them to mods collection
[26Dec2025 15:32:18.396] [main/INFO] [net.neoforged.fml.loading.moddiscovery.ModDiscoverer/]: 
     Mod List:
		Name Version (Mod Id)

		HerobrineMod 1.0.0 (herobrinemod)
		Minecraft 1.21.8 (minecraft)
		NeoForge 21.8.31 (neoforge)
[26Dec2025 15:32:20.310] [main/INFO] [cpw.mods.modlauncher.LaunchServiceHandler/MODLAUNCHER]: Launching target 'neoforgeclientdev' with arguments [--version, 21.8.31, --assetsDir, C:\Users\adam\.mcreator\gradle\caches\neoformruntime\assets, --assetIndex, 26]
[26Dec2025 15:32:22.444] [pool-6-thread-1/INFO] [MixinExtras|Service/]: Initializing MixinExtras via com.llamalad7.mixinextras.service.MixinExtrasServiceImpl(version=0.5.0).
[26Dec2025 15:32:22.535] [Datafixer Bootstrap/INFO] [com.mojang.datafixers.DataFixerBuilder/]: 272 Datafixer optimizations took 903 milliseconds
[26Dec2025 15:32:30.523] [main/WARN] [net.minecraft.commands.Commands/]: Ambiguity between arguments [teleport, location] and [teleport, destination] with inputs: [0.1 -0.5 .9, 0 0 0]
[26Dec2025 15:32:30.524] [main/WARN] [net.minecraft.commands.Commands/]: Ambiguity between arguments [teleport, location] and [teleport, targets] with inputs: [0.1 -0.5 .9, 0 0 0]
[26Dec2025 15:32:30.527] [main/WARN] [net.minecraft.commands.Commands/]: Ambiguity between arguments [teleport, destination] and [teleport, targets] with inputs: [Player, 0123, @e, dd12be42-52a9-4a91-a8a1-11c01849e498]
[26Dec2025 15:32:30.529] [main/WARN] [net.minecraft.commands.Commands/]: Ambiguity between arguments [teleport, targets] and [teleport, destination] with inputs: [Player, 0123, dd12be42-52a9-4a91-a8a1-11c01849e498]
[26Dec2025 15:32:30.531] [main/WARN] [net.minecraft.commands.Commands/]: Ambiguity between arguments [teleport, targets, location] and [teleport, targets, destination] with inputs: [0.1 -0.5 .9, 0 0 0]
[26Dec2025 15:32:30.533] [main/WARN] [net.minecraft.commands.Commands/]: Ambiguity between arguments [waypoint, modify, waypoint, color, reset] and [waypoint, modify, waypoint, color, color] with inputs: [reset]
[26Dec2025 15:32:30.662] [modloading-worker-0/INFO] [net.neoforged.neoforge.common.NeoForgeMod/NEOFORGE-MOD]: NeoForge mod loading, version 21.8.31, for MC 1.21.8
[26Dec2025 15:32:31.529] [Render thread/WARN] [net.minecraft.server.packs.VanillaPackResourcesBuilder/]: Assets URL 'union:/C:/Users/adam/MCreatorWorkspaces/herobrinemod/build/moddev/artifacts/neoforge-21.8.31.jar%23212!/assets/.mcassetsroot' uses unexpected schema
[26Dec2025 15:32:31.531] [Render thread/WARN] [net.minecraft.server.packs.VanillaPackResourcesBuilder/]: Assets URL 'union:/C:/Users/adam/MCreatorWorkspaces/herobrinemod/build/moddev/artifacts/neoforge-21.8.31.jar%23212!/data/.mcassetsroot' uses unexpected schema
[26Dec2025 15:32:31.570] [Render thread/INFO] [com.mojang.authlib.yggdrasil.YggdrasilAuthenticationService/]: Environment: Environment[sessionHost=https://sessionserver.mojang.com, servicesHost=https://api.minecraftservices.com, name=PROD]
[26Dec2025 15:32:31.580] [Render thread/INFO] [net.minecraft.client.Minecraft/]: Setting user: Dev
[26Dec2025 15:32:31.744] [Render thread/INFO] [net.minecraft.client.Minecraft/]: Backend library: LWJGL version 3.3.3+5
[26Dec2025 15:32:31.943] [Render thread/INFO] [net.minecraft.client.Minecraft/]: Using optional rendering extensions: GL_ARB_buffer_storage, GL_KHR_debug, GL_ARB_vertex_attrib_binding, GL_ARB_direct_state_access
[26Dec2025 15:32:33.126] [Render thread/INFO] [net.minecraft.server.packs.resources.ReloadableResourceManager/]: Reloading ResourceManager: vanilla, mod_resources, mod/neoforge, mod/herobrinemod
[26Dec2025 15:32:33.287] [resourceLoad/INFO] [net.minecraft.client.gui.font.providers.UnihexProvider/]: Found unifont_pua-16.0.03.hex, loading
[26Dec2025 15:32:33.290] [resourceLoad/INFO] [net.minecraft.client.gui.font.providers.UnihexProvider/]: Found unifont_all_no_pua-16.0.03.hex, loading
[26Dec2025 15:32:33.819] [resourceLoad/INFO] [net.minecraft.client.gui.font.providers.UnihexProvider/]: Found unifont_jp_patch-16.0.03.hex, loading
[26Dec2025 15:32:34.424] [resourceLoad/WARN] [net.minecraft.client.renderer.texture.SpriteLoader/]: Texture herobrinemod:item/screenshot_2025-12-26_141313 with size 96x83 limits mip level from 2 to 0
[26Dec2025 15:32:35.291] [Render thread/INFO] [com.mojang.blaze3d.audio.Library/]: OpenAL initialized on device OpenAL Soft on Headphones (2- Logi Z207)
[26Dec2025 15:32:35.292] [Render thread/INFO] [net.minecraft.client.sounds.SoundEngine/SOUNDS]: Sound engine started
[26Dec2025 15:32:35.504] [Render thread/INFO] [net.minecraft.client.renderer.texture.TextureAtlas/]: Created: 1024x512x2 minecraft:textures/atlas/blocks.png-atlas
[26Dec2025 15:32:35.514] [Render thread/INFO] [net.minecraft.client.renderer.texture.TextureAtlas/]: Created: 256x256x2 minecraft:textures/atlas/signs.png-atlas
[26Dec2025 15:32:35.515] [Render thread/INFO] [net.minecraft.client.renderer.texture.TextureAtlas/]: Created: 512x512x2 minecraft:textures/atlas/shield_patterns.png-atlas
[26Dec2025 15:32:35.517] [Render thread/INFO] [net.minecraft.client.renderer.texture.TextureAtlas/]: Created: 512x512x2 minecraft:textures/atlas/banner_patterns.png-atlas
[26Dec2025 15:32:35.517] [Render thread/INFO] [net.minecraft.client.renderer.texture.TextureAtlas/]: Created: 2048x1024x2 minecraft:textures/atlas/armor_trims.png-atlas
[26Dec2025 15:32:35.521] [Render thread/INFO] [net.minecraft.client.renderer.texture.TextureAtlas/]: Created: 256x256x2 minecraft:textures/atlas/chest.png-atlas
[26Dec2025 15:32:35.525] [Render thread/INFO] [net.minecraft.client.renderer.texture.TextureAtlas/]: Created: 128x64x2 minecraft:textures/atlas/decorated_pot.png-atlas
[26Dec2025 15:32:35.526] [Render thread/INFO] [net.minecraft.client.renderer.texture.TextureAtlas/]: Created: 512x256x2 minecraft:textures/atlas/beds.png-atlas
[26Dec2025 15:32:35.527] [Render thread/INFO] [net.minecraft.client.renderer.texture.TextureAtlas/]: Created: 512x256x2 minecraft:textures/atlas/shulker_boxes.png-atlas
[26Dec2025 15:32:35.529] [Render thread/INFO] [net.minecraft.client.renderer.texture.TextureAtlas/]: Created: 64x64x0 minecraft:textures/atlas/map_decorations.png-atlas
[26Dec2025 15:32:35.632] [Render thread/INFO] [net.minecraft.client.renderer.texture.TextureAtlas/]: Created: 512x256x0 minecraft:textures/atlas/particles.png-atlas
[26Dec2025 15:32:35.633] [Render thread/INFO] [net.minecraft.client.renderer.texture.TextureAtlas/]: Created: 512x256x0 minecraft:textures/atlas/paintings.png-atlas
[26Dec2025 15:32:35.634] [Render thread/INFO] [net.minecraft.client.renderer.texture.TextureAtlas/]: Created: 1024x512x0 minecraft:textures/atlas/gui.png-atlas
[26Dec2025 15:32:35.641] [Render thread/INFO] [net.neoforged.neoforge.client.entity.animation.json.AnimationLoader/]: Loaded 0 entity animations
[26Dec2025 15:32:44.040] [Render thread/INFO] [net.minecraft.world.item.crafting.RecipeManager/]: Loaded 1407 recipes
[26Dec2025 15:32:44.059] [Render thread/INFO] [net.minecraft.advancements.AdvancementTree/]: Loaded 1520 advancements
[26Dec2025 15:32:44.062] [Render thread/INFO] [net.neoforged.neoforge.common.crafting.RecipePriorityManager/]: Loaded 0 recipe priority overrides
[26Dec2025 15:32:44.293] [Server thread/INFO] [net.minecraft.client.server.IntegratedServer/]: Starting integrated minecraft server version 1.21.8
[26Dec2025 15:32:44.293] [Server thread/INFO] [net.minecraft.server.MinecraftServer/]: Generating keypair
[26Dec2025 15:32:44.406] [Server thread/WARN] [net.neoforged.neoforge.server.ServerLifecycleHooks/]: Detected herobrinemod:herobrine_loader that was registered with MONSTER mob category but was added under MISC mob category for herobrinemod:biome biome! Mobs should be added to biomes under the same mob category that the mob was registered as to prevent mob cap spawning issues.
[26Dec2025 15:32:44.834] [Server thread/INFO] [net.minecraft.server.MinecraftServer/]: Preparing start region for dimension minecraft:overworld
[26Dec2025 15:32:45.092] [progressListener/INFO] [net.minecraft.server.level.progress.LoggerChunkProgressListener/]: Preparing spawn area: 0%
[26Dec2025 15:32:45.186] [Server thread/INFO] [net.neoforged.neoforge.server.permission.PermissionAPI/]: Successfully initialized permission handler neoforge:default_handler
[26Dec2025 15:32:45.191] [progressListener/INFO] [net.minecraft.server.level.progress.LoggerChunkProgressListener/]: Time elapsed: 347 ms
[26Dec2025 15:32:45.310] [Server thread/INFO] [net.minecraft.client.server.IntegratedServer/]: Changing view distance to 5, from 10
[26Dec2025 15:32:45.310] [Server thread/INFO] [net.minecraft.client.server.IntegratedServer/]: Changing simulation distance to 12, from 0
[26Dec2025 15:32:46.427] [Server thread/INFO] [net.minecraft.server.players.PlayerList/]: Dev[local:E:d3d9053b] logged in with entity id 3 at (-4.452364503805152, 65.16514079184688, 9.193429279937366)
[26Dec2025 15:32:46.521] [Server thread/INFO] [net.minecraft.server.MinecraftServer/]: Dev joined the game
[26Dec2025 15:32:46.955] [Render thread/INFO] [net.minecraft.client.renderer.DynamicUniformStorage/]: Resizing Dynamic Transforms UBO, capacity limit of 2 reached during a single frame. New capacity will be 4.
[26Dec2025 15:32:46.958] [Render thread/INFO] [net.minecraft.advancements.AdvancementTree/]: Loaded 13 advancements
[26Dec2025 15:32:47.184] [Render thread/INFO] [net.minecraft.client.renderer.DynamicUniformStorage/]: Resizing Dynamic Transforms UBO, capacity limit of 4 reached during a single frame. New capacity will be 8.
[26Dec2025 15:32:47.297] [Render thread/INFO] [net.minecraft.client.renderer.DynamicUniformStorage/]: Resizing Dynamic Transforms UBO, capacity limit of 8 reached during a single frame. New capacity will be 16.
[26Dec2025 15:32:47.328] [Render thread/INFO] [net.minecraft.client.renderer.DynamicUniformStorage/]: Resizing Dynamic Transforms UBO, capacity limit of 16 reached during a single frame. New capacity will be 32.
[26Dec2025 15:32:47.407] [Render thread/INFO] [net.minecraft.client.renderer.DynamicUniformStorage/]: Resizing Dynamic Transforms UBO, capacity limit of 32 reached during a single frame. New capacity will be 64.
[26Dec2025 15:32:47.972] [Render thread/INFO] [net.minecraft.client.renderer.DynamicUniformStorage/]: Resizing Dynamic Transforms UBO, capacity limit of 64 reached during a single frame. New capacity will be 128.
[26Dec2025 15:33:08.040] [Server thread/INFO] [net.minecraft.client.server.IntegratedServer/]: Saving and pausing game...
[26Dec2025 15:33:08.067] [Server thread/INFO] [net.minecraft.server.MinecraftServer/]: Saving chunks for level 'ServerLevel[New World]'/minecraft:overworld
[26Dec2025 15:33:08.076] [Server thread/INFO] [net.minecraft.server.MinecraftServer/]: Saving chunks for level 'ServerLevel[New World]'/minecraft:the_end
[26Dec2025 15:33:08.076] [Server thread/INFO] [net.minecraft.server.MinecraftServer/]: Saving chunks for level 'ServerLevel[New World]'/herobrinemod:herobrine_dimension
[26Dec2025 15:33:08.079] [Server thread/INFO] [net.minecraft.server.MinecraftServer/]: Saving chunks for level 'ServerLevel[New World]'/minecraft:the_nether
[26Dec2025 15:33:50.071] [Server thread/INFO] [net.minecraft.server.MinecraftServer/]: [Dev: Set own game mode to Survival Mode]
[26Dec2025 15:33:50.077] [Render thread/INFO] [net.minecraft.client.gui.components.ChatComponent/]: [System] [CHAT] Set own game mode to Survival Mode
[26Dec2025 15:34:00.793] [Server thread/INFO] [net.minecraft.server.MinecraftServer/]: [Dev: Set own game mode to Creative Mode]
[26Dec2025 15:34:00.795] [Render thread/INFO] [net.minecraft.client.gui.components.ChatComponent/]: [System] [CHAT] Set own game mode to Creative Mode
[26Dec2025 15:34:54.398] [Server thread/INFO] [net.minecraft.world.entity.LivingEntity/]: Named entity HerobrineEntity['Herpbrine'/18, l='ServerLevel[New World]', x=-34.51, y=63.00, z=24.22] died: Herpbrine was slain by Dev
[26Dec2025 15:34:54.461] [Render thread/INFO] [net.minecraft.advancements.AdvancementTree/]: Loaded 51 advancements
[26Dec2025 15:34:54.906] [Render thread/INFO] [net.minecraft.advancements.AdvancementTree/]: Loaded 53 advancements
[26Dec2025 15:35:30.814] [Server thread/INFO] [net.minecraft.world.entity.LivingEntity/]: Named entity HerobrinePassiveEntity['Herobrine'/39, l='ServerLevel[New World]', x=-83.02, y=63.00, z=12.95] died: Herobrine was slain by Dev
[26Dec2025 15:35:55.798] [Server thread/INFO] [net.minecraft.world.entity.LivingEntity/]: Named entity HerobrineLoaderEntity['Loader'/4, l='ServerLevel[New World]', x=-9.70, y=61.00, z=3.70] died: Loader was slain by Dev
[26Dec2025 15:36:09.139] [Server thread/INFO] [net.minecraft.world.entity.LivingEntity/]: Named entity HerobrineEntity['Herpbrine'/2, l='ServerLevel[New World]', x=58.35, y=56.00, z=21.70] died: Herpbrine was killed
[26Dec2025 15:36:09.141] [Server thread/INFO] [net.minecraft.world.entity.LivingEntity/]: Named entity HerobrineEntity['Herpbrine'/12, l='ServerLevel[New World]', x=-9.31, y=63.00, z=16.14] died: Herpbrine was killed
[26Dec2025 15:36:09.146] [Server thread/INFO] [net.minecraft.world.entity.LivingEntity/]: Named entity HerobrineEntity['Herpbrine'/14, l='ServerLevel[New World]', x=35.34, y=63.00, z=-19.04] died: Herpbrine was killed
[26Dec2025 15:36:09.149] [Server thread/INFO] [net.minecraft.world.entity.LivingEntity/]: Named entity HerobrineEntity['Herpbrine'/16, l='ServerLevel[New World]', x=3.83, y=63.00, z=16.13] died: Herpbrine was killed
[26Dec2025 15:36:09.150] [Server thread/INFO] [net.minecraft.server.MinecraftServer/]: [Dev: Killed 4 entities]
[26Dec2025 15:36:09.152] [Render thread/INFO] [net.minecraft.client.gui.components.ChatComponent/]: [System] [CHAT] Killed 4 entities
[26Dec2025 15:36:20.641] [Server thread/INFO] [net.minecraft.client.server.IntegratedServer/]: Saving and pausing game...
[26Dec2025 15:36:20.684] [Server thread/INFO] [net.minecraft.server.MinecraftServer/]: Saving chunks for level 'ServerLevel[New World]'/minecraft:overworld
[26Dec2025 15:36:20.691] [Server thread/INFO] [net.minecraft.server.MinecraftServer/]: Saving chunks for level 'ServerLevel[New World]'/minecraft:the_end
[26Dec2025 15:36:20.691] [Server thread/INFO] [net.minecraft.server.MinecraftServer/]: Saving chunks for level 'ServerLevel[New World]'/herobrinemod:herobrine_dimension
[26Dec2025 15:36:20.704] [Server thread/INFO] [net.minecraft.server.MinecraftServer/]: Saving chunks for level 'ServerLevel[New World]'/minecraft:the_nether
[26Dec2025 15:36:21.312] [Render thread/INFO] [net.minecraft.client.Minecraft/]: Stopping!
[26Dec2025 15:36:21.341] [Server thread/INFO] [net.minecraft.server.network.ServerGamePacketListenerImpl/]: Dev lost connection: Disconnected
[26Dec2025 15:36:21.342] [Server thread/INFO] [net.minecraft.server.MinecraftServer/]: Dev left the game
[26Dec2025 15:36:21.363] [Server thread/INFO] [net.minecraft.server.network.ServerCommonPacketListenerImpl/]: Stopping singleplayer server as player logged out
[26Dec2025 15:36:21.401] [Server thread/INFO] [net.minecraft.server.MinecraftServer/]: Stopping server
[26Dec2025 15:36:21.402] [Server thread/INFO] [net.minecraft.server.MinecraftServer/]: Saving players
[26Dec2025 15:36:21.402] [Server thread/INFO] [net.minecraft.server.MinecraftServer/]: Saving worlds
[26Dec2025 15:36:22.686] [Server thread/INFO] [net.minecraft.server.MinecraftServer/]: Saving chunks for level 'ServerLevel[New World]'/minecraft:overworld
[26Dec2025 15:36:22.718] [Server thread/INFO] [net.minecraft.server.MinecraftServer/]: Saving chunks for level 'ServerLevel[New World]'/minecraft:the_end
[26Dec2025 15:36:22.728] [Server thread/INFO] [net.minecraft.server.MinecraftServer/]: Saving chunks for level 'ServerLevel[New World]'/herobrinemod:herobrine_dimension
[26Dec2025 15:36:22.752] [Server thread/INFO] [net.minecraft.server.MinecraftServer/]: Saving chunks for level 'ServerLevel[New World]'/minecraft:the_nether
[26Dec2025 15:36:22.772] [Server thread/INFO] [net.minecraft.server.MinecraftServer/]: ThreadedAnvilChunkStorage (New World): All chunks are saved
[26Dec2025 15:36:22.772] [Server thread/INFO] [net.minecraft.server.MinecraftServer/]: ThreadedAnvilChunkStorage (DIM1): All chunks are saved
[26Dec2025 15:36:22.772] [Server thread/INFO] [net.minecraft.server.MinecraftServer/]: ThreadedAnvilChunkStorage (herobrine_dimension): All chunks are saved
[26Dec2025 15:36:22.772] [Server thread/INFO] [net.minecraft.server.MinecraftServer/]: ThreadedAnvilChunkStorage (DIM-1): All chunks are saved
[26Dec2025 15:36:22.773] [Server thread/INFO] [net.minecraft.server.MinecraftServer/]: ThreadedAnvilChunkStorage: All dimensions are saved
